<!DOCTYPE html>
<html lang="en">
  <head>
    <meta charset="utf-8"/>
    <meta name="viewport" content="width=device-width, initial-scale=1, shrink-to-fit=no"/>
    <link rel="stylesheet" href="res/bootstrap.min.css" type="text/css"/>
    <link rel="stylesheet" href="res/karate-report.css" type="text/css"/>
    <link rel="shortcut icon" href="favicon.ico"/>
    <script type="text/javascript" src="res/jquery.min.js"></script>
    <script type="text/javascript" src="res/jquery.tablesorter.min.js"></script>
    <script type="text/javascript" src="res/bootstrap.min.js"></script>
    <script type="text/javascript" src="res/karate-report.js"></script>
    <script>
      posthog.register_once({
        karate_version:"1.2.0.RC5"
      });
      posthog.capture('report_feature');
    </script>    
    <title>src.test.java.students.post.students-post</title>  
  </head>
  <body>   
    <div id="root-container">
      <div id="leftnav">
                
        <div>
  <div class="nav-logo">
    <a href="karate-summary.html">
      <img src="karate-logo.svg" alt="Karate"/>
    </a>
    <div class="nav-count">
      <div id="nav-pass" class="bg-success">0</div>
      <div id="nav-fail" class="bg-danger">1</div>
    </div>
  </div>
  <div id="nav-type">
    <div>Scenarios</div>
  </div>         
  <div id="nav-date">
    <div>2024-03-04 03:28:20 p.â€¯m.</div>
  </div>        
</div>

        <div class="nav-container">
          <div class="nav-item failed">
            <a href="#[1:11]"><span>[1:11]</span> <span>Post on students</span></a>
          </div>
        </div>
      </div>
      <div id="content">
        <div class="page-heading alert alert-primary">
          <a href="karate-summary.html">Summary</a><span class="feature-label">|</span>
          <a href="karate-tags.html">Tags</a><span class="feature-label">|</span>
          <span class="feature-label">Feature:</span>
          <span class="feature-path">src/test/java/students/post/students-post.feature</span><span class="feature-label">|</span>
          <span class="feature-name">Post students on request</span>
          <span class="feature-description"></span>
        </div>
        <div class="scenario">
          <div class="scenario-heading" id="[1:11]">
            <div class="heading-container">
              <div class="scenario-tags">
                <a class="badge badge-primary" href="karate-tags.html">createstudents</a>
              </div>
              <div class="scenario-keyword">
                Scenario: <span>[1:11]</span>
                <span class="scenario-name">Post on students</span>
                <span></span>
              </div>
            </div>
            <div class="scenario-time failed">
              <span>ms:</span>&nbsp;<span>1528</span>
            </div>
          </div>
          <div class="step-row">
            <div class="step-container" id="[1:11]bg">
              <div class="step-ref bg-step">&gt;&gt;</div>
              <div class="step-cell passed">Background:</div>
            </div>
            <div class="time-cell passed"></div>
          </div>
          <div data-parent="[1:11]bg"><div>
  

  

  <div class="step-row">
    <div class="step-container" id="0.4">
      <div class="step-ref bg-step">4</div>
      
      <div class="step-cell failed">
        <span>*</span>&nbsp;<span>call read(&quot;../../user/token/users-token-post.feature@token&quot;)</span>
      </div>
    </div>
    <div class="time-cell failed">1528</div>
  </div>

   
  
  

  

  <div class="preformatted" data-parent="0.4">15:28:20.550 src/test/java/students/post/students-post.feature:4
* call read(&quot;../../user/token/users-token-post.feature@token&quot;)
status code was: 500, expected: 200, response time in milliseconds: 783, url: https://funcoeback-dev-ceqh.3.us-1.fl0.io/users/token/, response: 
Traceback (most recent call last):
  File &quot;/layers/paketo-buildpacks_pip-install/packages/lib/python3.10/site-packages/sqlalchemy/engine/base.py&quot;, line 1969, in _exec_single_context
    self.dialect.do_execute(
  File &quot;/layers/paketo-buildpacks_pip-install/packages/lib/python3.10/site-packages/sqlalchemy/engine/default.py&quot;, line 922, in do_execute
    cursor.execute(statement, parameters)
  File &quot;/layers/paketo-buildpacks_pip-install/packages/lib/python3.10/site-packages/pymysql/cursors.py&quot;, line 153, in execute
    result = self._query(query)
  File &quot;/layers/paketo-buildpacks_pip-install/packages/lib/python3.10/site-packages/pymysql/cursors.py&quot;, line 322, in _query
    conn.query(q)
  File &quot;/layers/paketo-buildpacks_pip-install/packages/lib/python3.10/site-packages/pymysql/connections.py&quot;, line 558, in query
    self._affected_rows = self._read_query_result(unbuffered=unbuffered)
  File &quot;/layers/paketo-buildpacks_pip-install/packages/lib/python3.10/site-packages/pymysql/connections.py&quot;, line 822, in _read_query_result
    result.read()
  File &quot;/layers/paketo-buildpacks_pip-install/packages/lib/python3.10/site-packages/pymysql/connections.py&quot;, line 1200, in read
    first_packet = self.connection._read_packet()
  File &quot;/layers/paketo-buildpacks_pip-install/packages/lib/python3.10/site-packages/pymysql/connections.py&quot;, line 739, in _read_packet
    packet_header = self._read_bytes(4)
  File &quot;/layers/paketo-buildpacks_pip-install/packages/lib/python3.10/site-packages/pymysql/connections.py&quot;, line 795, in _read_bytes
    raise err.OperationalError(
pymysql.err.OperationalError: (2013, &#39;Lost connection to MySQL server during query&#39;)

The above exception was the direct cause of the following exception:

Traceback (most recent call last):
  File &quot;/layers/paketo-buildpacks_pip-install/packages/lib/python3.10/site-packages/starlette/middleware/errors.py&quot;, line 164, in __call__
    await self.app(scope, receive, _send)
  File &quot;/layers/paketo-buildpacks_pip-install/packages/lib/python3.10/site-packages/starlette/middleware/exceptions.py&quot;, line 62, in __call__
    await wrap_app_handling_exceptions(self.app, conn)(scope, receive, send)
  File &quot;/layers/paketo-buildpacks_pip-install/packages/lib/python3.10/site-packages/starlette/_exception_handler.py&quot;, line 64, in wrapped_app
    raise exc
  File &quot;/layers/paketo-buildpacks_pip-install/packages/lib/python3.10/site-packages/starlette/_exception_handler.py&quot;, line 53, in wrapped_app
    await app(scope, receive, sender)
  File &quot;/layers/paketo-buildpacks_pip-install/packages/lib/python3.10/site-packages/starlette/routing.py&quot;, line 762, in __call__
    await self.middleware_stack(scope, receive, send)
  File &quot;/layers/paketo-buildpacks_pip-install/packages/lib/python3.10/site-packages/starlette/routing.py&quot;, line 782, in app
    await route.handle(scope, receive, send)
  File &quot;/layers/paketo-buildpacks_pip-install/packages/lib/python3.10/site-packages/starlette/routing.py&quot;, line 297, in handle
    await self.app(scope, receive, send)
  File &quot;/layers/paketo-buildpacks_pip-install/packages/lib/python3.10/site-packages/starlette/routing.py&quot;, line 77, in app
    await wrap_app_handling_exceptions(app, request)(scope, receive, send)
  File &quot;/layers/paketo-buildpacks_pip-install/packages/lib/python3.10/site-packages/starlette/_exception_handler.py&quot;, line 64, in wrapped_app
    raise exc
  File &quot;/layers/paketo-buildpacks_pip-install/packages/lib/python3.10/site-packages/starlette/_exception_handler.py&quot;, line 53, in wrapped_app
    await app(scope, receive, sender)
  File &quot;/layers/paketo-buildpacks_pip-install/packages/lib/python3.10/site-packages/starlette/routing.py&quot;, line 72, in app
    response = await func(request)
  File &quot;/layers/paketo-buildpacks_pip-install/packages/lib/python3.10/site-packages/fastapi/routing.py&quot;, line 299, in app
    raise e
  File &quot;/layers/paketo-buildpacks_pip-install/packages/lib/python3.10/site-packages/fastapi/routing.py&quot;, line 294, in app
    raw_response = await run_endpoint_function(
  File &quot;/layers/paketo-buildpacks_pip-install/packages/lib/python3.10/site-packages/fastapi/routing.py&quot;, line 193, in run_endpoint_function
    return await run_in_threadpool(dependant.call, **values)
  File &quot;/layers/paketo-buildpacks_pip-install/packages/lib/python3.10/site-packages/starlette/concurrency.py&quot;, line 40, in run_in_threadpool
    return await anyio.to_thread.run_sync(func, *args)
  File &quot;/layers/paketo-buildpacks_pip-install/packages/lib/python3.10/site-packages/anyio/to_thread.py&quot;, line 56, in run_sync
    return await get_async_backend().run_sync_in_worker_thread(
  File &quot;/layers/paketo-buildpacks_pip-install/packages/lib/python3.10/site-packages/anyio/_backends/_asyncio.py&quot;, line 2134, in run_sync_in_worker_thread
    return await future
  File &quot;/layers/paketo-buildpacks_pip-install/packages/lib/python3.10/site-packages/anyio/_backends/_asyncio.py&quot;, line 851, in run
    result = context.run(func, *args)
  File &quot;/workspace/app/routes/user.py&quot;, line 19, in get_token
    if validate_user(user):
  File &quot;/workspace/app/func/user.py&quot;, line 22, in validate_user
    id_user = get_uuid_user(data.user)
  File &quot;/workspace/app/func/user.py&quot;, line 37, in get_uuid_user
    r1=db.query(user_model).where(user_model.user==user).one()
  File &quot;/layers/paketo-buildpacks_pip-install/packages/lib/python3.10/site-packages/sqlalchemy/orm/query.py&quot;, line 2798, in one
    return self._iter().one()  # type: ignore
  File &quot;/layers/paketo-buildpacks_pip-install/packages/lib/python3.10/site-packages/sqlalchemy/orm/query.py&quot;, line 2847, in _iter
    result: Union[ScalarResult[_T], Result[_T]] = self.session.execute(
  File &quot;/layers/paketo-buildpacks_pip-install/packages/lib/python3.10/site-packages/sqlalchemy/orm/session.py&quot;, line 2308, in execute
    return self._execute_internal(
  File &quot;/layers/paketo-buildpacks_pip-install/packages/lib/python3.10/site-packages/sqlalchemy/orm/session.py&quot;, line 2190, in _execute_internal
    result: Result[Any] = compile_state_cls.orm_execute_statement(
  File &quot;/layers/paketo-buildpacks_pip-install/packages/lib/python3.10/site-packages/sqlalchemy/orm/context.py&quot;, line 293, in orm_execute_statement
    result = conn.execute(
  File &quot;/layers/paketo-buildpacks_pip-install/packages/lib/python3.10/site-packages/sqlalchemy/engine/base.py&quot;, line 1416, in execute
    return meth(
  File &quot;/layers/paketo-buildpacks_pip-install/packages/lib/python3.10/site-packages/sqlalchemy/sql/elements.py&quot;, line 517, in _execute_on_connection
    return connection._execute_clauseelement(
  File &quot;/layers/paketo-buildpacks_pip-install/packages/lib/python3.10/site-packages/sqlalchemy/engine/base.py&quot;, line 1639, in _execute_clauseelement
    ret = self._execute_context(
  File &quot;/layers/paketo-buildpacks_pip-install/packages/lib/python3.10/site-packages/sqlalchemy/engine/base.py&quot;, line 1848, in _execute_context
    return self._exec_single_context(
  File &quot;/layers/paketo-buildpacks_pip-install/packages/lib/python3.10/site-packages/sqlalchemy/engine/base.py&quot;, line 1988, in _exec_single_context
    self._handle_dbapi_exception(
  File &quot;/layers/paketo-buildpacks_pip-install/packages/lib/python3.10/site-packages/sqlalchemy/engine/base.py&quot;, line 2344, in _handle_dbapi_exception
    raise sqlalchemy_exception.with_traceback(exc_info[2]) from e
  File &quot;/layers/paketo-buildpacks_pip-install/packages/lib/python3.10/site-packages/sqlalchemy/engine/base.py&quot;, line 1969, in _exec_single_context
    self.dialect.do_execute(
  File &quot;/layers/paketo-buildpacks_pip-install/packages/lib/python3.10/site-packages/sqlalchemy/engine/default.py&quot;, line 922, in do_execute
    cursor.execute(statement, parameters)
  File &quot;/layers/paketo-buildpacks_pip-install/packages/lib/python3.10/site-packages/pymysql/cursors.py&quot;, line 153, in execute
    result = self._query(query)
  File &quot;/layers/paketo-buildpacks_pip-install/packages/lib/python3.10/site-packages/pymysql/cursors.py&quot;, line 322, in _query
    conn.query(q)
  File &quot;/layers/paketo-buildpacks_pip-install/packages/lib/python3.10/site-packages/pymysql/connections.py&quot;, line 558, in query
    self._affected_rows = self._read_query_result(unbuffered=unbuffered)
  File &quot;/layers/paketo-buildpacks_pip-install/packages/lib/python3.10/site-packages/pymysql/connections.py&quot;, line 822, in _read_query_result
    result.read()
  File &quot;/layers/paketo-buildpacks_pip-install/packages/lib/python3.10/site-packages/pymysql/connections.py&quot;, line 1200, in read
    first_packet = self.connection._read_packet()
  File &quot;/layers/paketo-buildpacks_pip-install/packages/lib/python3.10/site-packages/pymysql/connections.py&quot;, line 739, in _read_packet
    packet_header = self._read_bytes(4)
  File &quot;/layers/paketo-buildpacks_pip-install/packages/lib/python3.10/site-packages/pymysql/connections.py&quot;, line 795, in _read_bytes
    raise err.OperationalError(
sqlalchemy.exc.OperationalError: (pymysql.err.OperationalError) (2013, &#39;Lost connection to MySQL server during query&#39;)
[SQL: SELECT users.uuid_user AS users_uuid_user, users.user AS users_user, users.password AS users_password, users.rol_uuid AS users_rol_uuid, users.is_active AS users_is_active, users.last_connection AS users_last_connection, users.created_at AS users_created_at, users.updated_at AS users_updated_at 
FROM users 
WHERE users.user = %(user_1)s]
[parameters: {&#39;user_1&#39;: &#39;ruben1&#39;}]
(Background on this error at: https://sqlalche.me/e/20/e3q8)

src/test/java/students/post/../../user/token/users-token-post.feature:9
src/test/java/students/post/students-post.feature:4
</div>   

  <div>
        
    <div class="step-row">
      <div class="step-container" id="0.4.0.call">
        <div class="step-ref bg-step">&gt;&gt;</div>
        <div class="step-indent"></div>
        <div class="step-cell passed">src.test.java.students.post.user.token.users-token-post</div>
      </div>
      <div class="time-cell passed">1315</div>
    </div>
    <div>
      <div><div>
  

  

  <div class="step-row" data-parent="0.4.0.call">
    <div class="step-container" id="0.4.0.call.0.6">
      <div class="step-ref bg-step">6</div>
      <div class="step-indent"></div>
      <div class="step-cell passed">
        <span>Given</span>&nbsp;<span>url &quot;https://funcoeback-dev-ceqh.3.us-1.fl0.io/users/token/&quot;</span>
      </div>
    </div>
    <div class="time-cell passed">2</div>
  </div>

   
  
  

  

     

  

</div>
</div>
      <div><div>
  

  

  <div class="step-row" data-parent="0.4.0.call">
    <div class="step-container" id="0.4.0.call.0.7">
      <div class="step-ref bg-step">7</div>
      <div class="step-indent"></div>
      <div class="step-cell passed">
        <span>And</span>&nbsp;<span>request {&quot;user&quot;: &quot;ruben1&quot;, &quot;password&quot;: &quot;ruben123&quot;}</span>
      </div>
    </div>
    <div class="time-cell passed">60</div>
  </div>

   
  
  

  

     

  

</div>
</div>
      <div><div>
  

  

  <div class="step-row" data-parent="0.4.0.call">
    <div class="step-container" id="0.4.0.call.0.8">
      <div class="step-ref bg-step">8</div>
      <div class="step-indent"></div>
      <div class="step-cell passed">
        <span>When</span>&nbsp;<span>method post</span>
      </div>
    </div>
    <div class="time-cell passed">1248</div>
  </div>

   
  
  

  

  <div class="preformatted" data-parent="0.4.0.call.0.8">15:28:19.753 request:
1 &gt; POST https://funcoeback-dev-ceqh.3.us-1.fl0.io/users/token/
1 &gt; Content-Type: application/json; charset=UTF-8
1 &gt; Content-Length: 39
1 &gt; Host: funcoeback-dev-ceqh.3.us-1.fl0.io
1 &gt; Connection: Keep-Alive
1 &gt; User-Agent: Apache-HttpClient/4.5.13 (Java/21.0.2)
1 &gt; Accept-Encoding: gzip,deflate
{&quot;user&quot;:&quot;ruben1&quot;,&quot;password&quot;:&quot;ruben123&quot;}

15:28:20.540 response time in milliseconds: 783
1 &lt; 500
1 &lt; date: Mon, 04 Mar 2024 20:28:20 GMT
1 &lt; server: envoy
1 &lt; content-length: 9403
1 &lt; content-type: text/plain; charset=utf-8
1 &lt; x-envoy-upstream-service-time: 7
Traceback (most recent call last):
  File &quot;/layers/paketo-buildpacks_pip-install/packages/lib/python3.10/site-packages/sqlalchemy/engine/base.py&quot;, line 1969, in _exec_single_context
    self.dialect.do_execute(
  File &quot;/layers/paketo-buildpacks_pip-install/packages/lib/python3.10/site-packages/sqlalchemy/engine/default.py&quot;, line 922, in do_execute
    cursor.execute(statement, parameters)
  File &quot;/layers/paketo-buildpacks_pip-install/packages/lib/python3.10/site-packages/pymysql/cursors.py&quot;, line 153, in execute
    result = self._query(query)
  File &quot;/layers/paketo-buildpacks_pip-install/packages/lib/python3.10/site-packages/pymysql/cursors.py&quot;, line 322, in _query
    conn.query(q)
  File &quot;/layers/paketo-buildpacks_pip-install/packages/lib/python3.10/site-packages/pymysql/connections.py&quot;, line 558, in query
    self._affected_rows = self._read_query_result(unbuffered=unbuffered)
  File &quot;/layers/paketo-buildpacks_pip-install/packages/lib/python3.10/site-packages/pymysql/connections.py&quot;, line 822, in _read_query_result
    result.read()
  File &quot;/layers/paketo-buildpacks_pip-install/packages/lib/python3.10/site-packages/pymysql/connections.py&quot;, line 1200, in read
    first_packet = self.connection._read_packet()
  File &quot;/layers/paketo-buildpacks_pip-install/packages/lib/python3.10/site-packages/pymysql/connections.py&quot;, line 739, in _read_packet
    packet_header = self._read_bytes(4)
  File &quot;/layers/paketo-buildpacks_pip-install/packages/lib/python3.10/site-packages/pymysql/connections.py&quot;, line 795, in _read_bytes
    raise err.OperationalError(
pymysql.err.OperationalError: (2013, &#39;Lost connection to MySQL server during query&#39;)

The above exception was the direct cause of the following exception:

Traceback (most recent call last):
  File &quot;/layers/paketo-buildpacks_pip-install/packages/lib/python3.10/site-packages/starlette/middleware/errors.py&quot;, line 164, in __call__
    await self.app(scope, receive, _send)
  File &quot;/layers/paketo-buildpacks_pip-install/packages/lib/python3.10/site-packages/starlette/middleware/exceptions.py&quot;, line 62, in __call__
    await wrap_app_handling_exceptions(self.app, conn)(scope, receive, send)
  File &quot;/layers/paketo-buildpacks_pip-install/packages/lib/python3.10/site-packages/starlette/_exception_handler.py&quot;, line 64, in wrapped_app
    raise exc
  File &quot;/layers/paketo-buildpacks_pip-install/packages/lib/python3.10/site-packages/starlette/_exception_handler.py&quot;, line 53, in wrapped_app
    await app(scope, receive, sender)
  File &quot;/layers/paketo-buildpacks_pip-install/packages/lib/python3.10/site-packages/starlette/routing.py&quot;, line 762, in __call__
    await self.middleware_stack(scope, receive, send)
  File &quot;/layers/paketo-buildpacks_pip-install/packages/lib/python3.10/site-packages/starlette/routing.py&quot;, line 782, in app
    await route.handle(scope, receive, send)
  File &quot;/layers/paketo-buildpacks_pip-install/packages/lib/python3.10/site-packages/starlette/routing.py&quot;, line 297, in handle
    await self.app(scope, receive, send)
  File &quot;/layers/paketo-buildpacks_pip-install/packages/lib/python3.10/site-packages/starlette/routing.py&quot;, line 77, in app
    await wrap_app_handling_exceptions(app, request)(scope, receive, send)
  File &quot;/layers/paketo-buildpacks_pip-install/packages/lib/python3.10/site-packages/starlette/_exception_handler.py&quot;, line 64, in wrapped_app
    raise exc
  File &quot;/layers/paketo-buildpacks_pip-install/packages/lib/python3.10/site-packages/starlette/_exception_handler.py&quot;, line 53, in wrapped_app
    await app(scope, receive, sender)
  File &quot;/layers/paketo-buildpacks_pip-install/packages/lib/python3.10/site-packages/starlette/routing.py&quot;, line 72, in app
    response = await func(request)
  File &quot;/layers/paketo-buildpacks_pip-install/packages/lib/python3.10/site-packages/fastapi/routing.py&quot;, line 299, in app
    raise e
  File &quot;/layers/paketo-buildpacks_pip-install/packages/lib/python3.10/site-packages/fastapi/routing.py&quot;, line 294, in app
    raw_response = await run_endpoint_function(
  File &quot;/layers/paketo-buildpacks_pip-install/packages/lib/python3.10/site-packages/fastapi/routing.py&quot;, line 193, in run_endpoint_function
    return await run_in_threadpool(dependant.call, **values)
  File &quot;/layers/paketo-buildpacks_pip-install/packages/lib/python3.10/site-packages/starlette/concurrency.py&quot;, line 40, in run_in_threadpool
    return await anyio.to_thread.run_sync(func, *args)
  File &quot;/layers/paketo-buildpacks_pip-install/packages/lib/python3.10/site-packages/anyio/to_thread.py&quot;, line 56, in run_sync
    return await get_async_backend().run_sync_in_worker_thread(
  File &quot;/layers/paketo-buildpacks_pip-install/packages/lib/python3.10/site-packages/anyio/_backends/_asyncio.py&quot;, line 2134, in run_sync_in_worker_thread
    return await future
  File &quot;/layers/paketo-buildpacks_pip-install/packages/lib/python3.10/site-packages/anyio/_backends/_asyncio.py&quot;, line 851, in run
    result = context.run(func, *args)
  File &quot;/workspace/app/routes/user.py&quot;, line 19, in get_token
    if validate_user(user):
  File &quot;/workspace/app/func/user.py&quot;, line 22, in validate_user
    id_user = get_uuid_user(data.user)
  File &quot;/workspace/app/func/user.py&quot;, line 37, in get_uuid_user
    r1=db.query(user_model).where(user_model.user==user).one()
  File &quot;/layers/paketo-buildpacks_pip-install/packages/lib/python3.10/site-packages/sqlalchemy/orm/query.py&quot;, line 2798, in one
    return self._iter().one()  # type: ignore
  File &quot;/layers/paketo-buildpacks_pip-install/packages/lib/python3.10/site-packages/sqlalchemy/orm/query.py&quot;, line 2847, in _iter
    result: Union[ScalarResult[_T], Result[_T]] = self.session.execute(
  File &quot;/layers/paketo-buildpacks_pip-install/packages/lib/python3.10/site-packages/sqlalchemy/orm/session.py&quot;, line 2308, in execute
    return self._execute_internal(
  File &quot;/layers/paketo-buildpacks_pip-install/packages/lib/python3.10/site-packages/sqlalchemy/orm/session.py&quot;, line 2190, in _execute_internal
    result: Result[Any] = compile_state_cls.orm_execute_statement(
  File &quot;/layers/paketo-buildpacks_pip-install/packages/lib/python3.10/site-packages/sqlalchemy/orm/context.py&quot;, line 293, in orm_execute_statement
    result = conn.execute(
  File &quot;/layers/paketo-buildpacks_pip-install/packages/lib/python3.10/site-packages/sqlalchemy/engine/base.py&quot;, line 1416, in execute
    return meth(
  File &quot;/layers/paketo-buildpacks_pip-install/packages/lib/python3.10/site-packages/sqlalchemy/sql/elements.py&quot;, line 517, in _execute_on_connection
    return connection._execute_clauseelement(
  File &quot;/layers/paketo-buildpacks_pip-install/packages/lib/python3.10/site-packages/sqlalchemy/engine/base.py&quot;, line 1639, in _execute_clauseelement
    ret = self._execute_context(
  File &quot;/layers/paketo-buildpacks_pip-install/packages/lib/python3.10/site-packages/sqlalchemy/engine/base.py&quot;, line 1848, in _execute_context
    return self._exec_single_context(
  File &quot;/layers/paketo-buildpacks_pip-install/packages/lib/python3.10/site-packages/sqlalchemy/engine/base.py&quot;, line 1988, in _exec_single_context
    self._handle_dbapi_exception(
  File &quot;/layers/paketo-buildpacks_pip-install/packages/lib/python3.10/site-packages/sqlalchemy/engine/base.py&quot;, line 2344, in _handle_dbapi_exception
    raise sqlalchemy_exception.with_traceback(exc_info[2]) from e
  File &quot;/layers/paketo-buildpacks_pip-install/packages/lib/python3.10/site-packages/sqlalchemy/engine/base.py&quot;, line 1969, in _exec_single_context
    self.dialect.do_execute(
  File &quot;/layers/paketo-buildpacks_pip-install/packages/lib/python3.10/site-packages/sqlalchemy/engine/default.py&quot;, line 922, in do_execute
    cursor.execute(statement, parameters)
  File &quot;/layers/paketo-buildpacks_pip-install/packages/lib/python3.10/site-packages/pymysql/cursors.py&quot;, line 153, in execute
    result = self._query(query)
  File &quot;/layers/paketo-buildpacks_pip-install/packages/lib/python3.10/site-packages/pymysql/cursors.py&quot;, line 322, in _query
    conn.query(q)
  File &quot;/layers/paketo-buildpacks_pip-install/packages/lib/python3.10/site-packages/pymysql/connections.py&quot;, line 558, in query
    self._affected_rows = self._read_query_result(unbuffered=unbuffered)
  File &quot;/layers/paketo-buildpacks_pip-install/packages/lib/python3.10/site-packages/pymysql/connections.py&quot;, line 822, in _read_query_result
    result.read()
  File &quot;/layers/paketo-buildpacks_pip-install/packages/lib/python3.10/site-packages/pymysql/connections.py&quot;, line 1200, in read
    first_packet = self.connection._read_packet()
  File &quot;/layers/paketo-buildpacks_pip-install/packages/lib/python3.10/site-packages/pymysql/connections.py&quot;, line 739, in _read_packet
    packet_header = self._read_bytes(4)
  File &quot;/layers/paketo-buildpacks_pip-install/packages/lib/python3.10/site-packages/pymysql/connections.py&quot;, line 795, in _read_bytes
    raise err.OperationalError(
sqlalchemy.exc.OperationalError: (pymysql.err.OperationalError) (2013, &#39;Lost connection to MySQL server during query&#39;)
[SQL: SELECT users.uuid_user AS users_uuid_user, users.user AS users_user, users.password AS users_password, users.rol_uuid AS users_rol_uuid, users.is_active AS users_is_active, users.last_connection AS users_last_connection, users.created_at AS users_created_at, users.updated_at AS users_updated_at 
FROM users 
WHERE users.user = %(user_1)s]
[parameters: {&#39;user_1&#39;: &#39;ruben1&#39;}]
(Background on this error at: https://sqlalche.me/e/20/e3q8)


</div>   

  

</div>
</div>
      <div><div>
  

  

  <div class="step-row" data-parent="0.4.0.call">
    <div class="step-container" id="0.4.0.call.0.9">
      <div class="step-ref bg-step">9</div>
      <div class="step-indent"></div>
      <div class="step-cell failed">
        <span>Then</span>&nbsp;<span>status 200</span>
      </div>
    </div>
    <div class="time-cell failed">5</div>
  </div>

   
  
  

  

  <div class="preformatted" data-parent="0.4.0.call.0.9">15:28:20.548 src/test/java/students/post/../../user/token/users-token-post.feature:9
Then status 200
status code was: 500, expected: 200, response time in milliseconds: 783, url: https://funcoeback-dev-ceqh.3.us-1.fl0.io/users/token/, response: 
Traceback (most recent call last):
  File &quot;/layers/paketo-buildpacks_pip-install/packages/lib/python3.10/site-packages/sqlalchemy/engine/base.py&quot;, line 1969, in _exec_single_context
    self.dialect.do_execute(
  File &quot;/layers/paketo-buildpacks_pip-install/packages/lib/python3.10/site-packages/sqlalchemy/engine/default.py&quot;, line 922, in do_execute
    cursor.execute(statement, parameters)
  File &quot;/layers/paketo-buildpacks_pip-install/packages/lib/python3.10/site-packages/pymysql/cursors.py&quot;, line 153, in execute
    result = self._query(query)
  File &quot;/layers/paketo-buildpacks_pip-install/packages/lib/python3.10/site-packages/pymysql/cursors.py&quot;, line 322, in _query
    conn.query(q)
  File &quot;/layers/paketo-buildpacks_pip-install/packages/lib/python3.10/site-packages/pymysql/connections.py&quot;, line 558, in query
    self._affected_rows = self._read_query_result(unbuffered=unbuffered)
  File &quot;/layers/paketo-buildpacks_pip-install/packages/lib/python3.10/site-packages/pymysql/connections.py&quot;, line 822, in _read_query_result
    result.read()
  File &quot;/layers/paketo-buildpacks_pip-install/packages/lib/python3.10/site-packages/pymysql/connections.py&quot;, line 1200, in read
    first_packet = self.connection._read_packet()
  File &quot;/layers/paketo-buildpacks_pip-install/packages/lib/python3.10/site-packages/pymysql/connections.py&quot;, line 739, in _read_packet
    packet_header = self._read_bytes(4)
  File &quot;/layers/paketo-buildpacks_pip-install/packages/lib/python3.10/site-packages/pymysql/connections.py&quot;, line 795, in _read_bytes
    raise err.OperationalError(
pymysql.err.OperationalError: (2013, &#39;Lost connection to MySQL server during query&#39;)

The above exception was the direct cause of the following exception:

Traceback (most recent call last):
  File &quot;/layers/paketo-buildpacks_pip-install/packages/lib/python3.10/site-packages/starlette/middleware/errors.py&quot;, line 164, in __call__
    await self.app(scope, receive, _send)
  File &quot;/layers/paketo-buildpacks_pip-install/packages/lib/python3.10/site-packages/starlette/middleware/exceptions.py&quot;, line 62, in __call__
    await wrap_app_handling_exceptions(self.app, conn)(scope, receive, send)
  File &quot;/layers/paketo-buildpacks_pip-install/packages/lib/python3.10/site-packages/starlette/_exception_handler.py&quot;, line 64, in wrapped_app
    raise exc
  File &quot;/layers/paketo-buildpacks_pip-install/packages/lib/python3.10/site-packages/starlette/_exception_handler.py&quot;, line 53, in wrapped_app
    await app(scope, receive, sender)
  File &quot;/layers/paketo-buildpacks_pip-install/packages/lib/python3.10/site-packages/starlette/routing.py&quot;, line 762, in __call__
    await self.middleware_stack(scope, receive, send)
  File &quot;/layers/paketo-buildpacks_pip-install/packages/lib/python3.10/site-packages/starlette/routing.py&quot;, line 782, in app
    await route.handle(scope, receive, send)
  File &quot;/layers/paketo-buildpacks_pip-install/packages/lib/python3.10/site-packages/starlette/routing.py&quot;, line 297, in handle
    await self.app(scope, receive, send)
  File &quot;/layers/paketo-buildpacks_pip-install/packages/lib/python3.10/site-packages/starlette/routing.py&quot;, line 77, in app
    await wrap_app_handling_exceptions(app, request)(scope, receive, send)
  File &quot;/layers/paketo-buildpacks_pip-install/packages/lib/python3.10/site-packages/starlette/_exception_handler.py&quot;, line 64, in wrapped_app
    raise exc
  File &quot;/layers/paketo-buildpacks_pip-install/packages/lib/python3.10/site-packages/starlette/_exception_handler.py&quot;, line 53, in wrapped_app
    await app(scope, receive, sender)
  File &quot;/layers/paketo-buildpacks_pip-install/packages/lib/python3.10/site-packages/starlette/routing.py&quot;, line 72, in app
    response = await func(request)
  File &quot;/layers/paketo-buildpacks_pip-install/packages/lib/python3.10/site-packages/fastapi/routing.py&quot;, line 299, in app
    raise e
  File &quot;/layers/paketo-buildpacks_pip-install/packages/lib/python3.10/site-packages/fastapi/routing.py&quot;, line 294, in app
    raw_response = await run_endpoint_function(
  File &quot;/layers/paketo-buildpacks_pip-install/packages/lib/python3.10/site-packages/fastapi/routing.py&quot;, line 193, in run_endpoint_function
    return await run_in_threadpool(dependant.call, **values)
  File &quot;/layers/paketo-buildpacks_pip-install/packages/lib/python3.10/site-packages/starlette/concurrency.py&quot;, line 40, in run_in_threadpool
    return await anyio.to_thread.run_sync(func, *args)
  File &quot;/layers/paketo-buildpacks_pip-install/packages/lib/python3.10/site-packages/anyio/to_thread.py&quot;, line 56, in run_sync
    return await get_async_backend().run_sync_in_worker_thread(
  File &quot;/layers/paketo-buildpacks_pip-install/packages/lib/python3.10/site-packages/anyio/_backends/_asyncio.py&quot;, line 2134, in run_sync_in_worker_thread
    return await future
  File &quot;/layers/paketo-buildpacks_pip-install/packages/lib/python3.10/site-packages/anyio/_backends/_asyncio.py&quot;, line 851, in run
    result = context.run(func, *args)
  File &quot;/workspace/app/routes/user.py&quot;, line 19, in get_token
    if validate_user(user):
  File &quot;/workspace/app/func/user.py&quot;, line 22, in validate_user
    id_user = get_uuid_user(data.user)
  File &quot;/workspace/app/func/user.py&quot;, line 37, in get_uuid_user
    r1=db.query(user_model).where(user_model.user==user).one()
  File &quot;/layers/paketo-buildpacks_pip-install/packages/lib/python3.10/site-packages/sqlalchemy/orm/query.py&quot;, line 2798, in one
    return self._iter().one()  # type: ignore
  File &quot;/layers/paketo-buildpacks_pip-install/packages/lib/python3.10/site-packages/sqlalchemy/orm/query.py&quot;, line 2847, in _iter
    result: Union[ScalarResult[_T], Result[_T]] = self.session.execute(
  File &quot;/layers/paketo-buildpacks_pip-install/packages/lib/python3.10/site-packages/sqlalchemy/orm/session.py&quot;, line 2308, in execute
    return self._execute_internal(
  File &quot;/layers/paketo-buildpacks_pip-install/packages/lib/python3.10/site-packages/sqlalchemy/orm/session.py&quot;, line 2190, in _execute_internal
    result: Result[Any] = compile_state_cls.orm_execute_statement(
  File &quot;/layers/paketo-buildpacks_pip-install/packages/lib/python3.10/site-packages/sqlalchemy/orm/context.py&quot;, line 293, in orm_execute_statement
    result = conn.execute(
  File &quot;/layers/paketo-buildpacks_pip-install/packages/lib/python3.10/site-packages/sqlalchemy/engine/base.py&quot;, line 1416, in execute
    return meth(
  File &quot;/layers/paketo-buildpacks_pip-install/packages/lib/python3.10/site-packages/sqlalchemy/sql/elements.py&quot;, line 517, in _execute_on_connection
    return connection._execute_clauseelement(
  File &quot;/layers/paketo-buildpacks_pip-install/packages/lib/python3.10/site-packages/sqlalchemy/engine/base.py&quot;, line 1639, in _execute_clauseelement
    ret = self._execute_context(
  File &quot;/layers/paketo-buildpacks_pip-install/packages/lib/python3.10/site-packages/sqlalchemy/engine/base.py&quot;, line 1848, in _execute_context
    return self._exec_single_context(
  File &quot;/layers/paketo-buildpacks_pip-install/packages/lib/python3.10/site-packages/sqlalchemy/engine/base.py&quot;, line 1988, in _exec_single_context
    self._handle_dbapi_exception(
  File &quot;/layers/paketo-buildpacks_pip-install/packages/lib/python3.10/site-packages/sqlalchemy/engine/base.py&quot;, line 2344, in _handle_dbapi_exception
    raise sqlalchemy_exception.with_traceback(exc_info[2]) from e
  File &quot;/layers/paketo-buildpacks_pip-install/packages/lib/python3.10/site-packages/sqlalchemy/engine/base.py&quot;, line 1969, in _exec_single_context
    self.dialect.do_execute(
  File &quot;/layers/paketo-buildpacks_pip-install/packages/lib/python3.10/site-packages/sqlalchemy/engine/default.py&quot;, line 922, in do_execute
    cursor.execute(statement, parameters)
  File &quot;/layers/paketo-buildpacks_pip-install/packages/lib/python3.10/site-packages/pymysql/cursors.py&quot;, line 153, in execute
    result = self._query(query)
  File &quot;/layers/paketo-buildpacks_pip-install/packages/lib/python3.10/site-packages/pymysql/cursors.py&quot;, line 322, in _query
    conn.query(q)
  File &quot;/layers/paketo-buildpacks_pip-install/packages/lib/python3.10/site-packages/pymysql/connections.py&quot;, line 558, in query
    self._affected_rows = self._read_query_result(unbuffered=unbuffered)
  File &quot;/layers/paketo-buildpacks_pip-install/packages/lib/python3.10/site-packages/pymysql/connections.py&quot;, line 822, in _read_query_result
    result.read()
  File &quot;/layers/paketo-buildpacks_pip-install/packages/lib/python3.10/site-packages/pymysql/connections.py&quot;, line 1200, in read
    first_packet = self.connection._read_packet()
  File &quot;/layers/paketo-buildpacks_pip-install/packages/lib/python3.10/site-packages/pymysql/connections.py&quot;, line 739, in _read_packet
    packet_header = self._read_bytes(4)
  File &quot;/layers/paketo-buildpacks_pip-install/packages/lib/python3.10/site-packages/pymysql/connections.py&quot;, line 795, in _read_bytes
    raise err.OperationalError(
sqlalchemy.exc.OperationalError: (pymysql.err.OperationalError) (2013, &#39;Lost connection to MySQL server during query&#39;)
[SQL: SELECT users.uuid_user AS users_uuid_user, users.user AS users_user, users.password AS users_password, users.rol_uuid AS users_rol_uuid, users.is_active AS users_is_active, users.last_connection AS users_last_connection, users.created_at AS users_created_at, users.updated_at AS users_updated_at 
FROM users 
WHERE users.user = %(user_1)s]
[parameters: {&#39;user_1&#39;: &#39;ruben1&#39;}]
(Background on this error at: https://sqlalche.me/e/20/e3q8)

src/test/java/students/post/../../user/token/users-token-post.feature:9
</div>   

  

</div>
</div>
      <div><div>
  

  

  <div class="step-row" data-parent="0.4.0.call">
    <div class="step-container" id="0.4.0.call.0.10">
      <div class="step-ref bg-step">10</div>
      <div class="step-indent"></div>
      <div class="step-cell skipped">
        <span>*</span>&nbsp;<span>def token = $.access_token</span>
      </div>
    </div>
    <div class="time-cell skipped">0</div>
  </div>

   
  
  

  

     

  

</div>
</div>
    </div>    
  </div>

</div>
</div>
          <div data-parent="[1:11]bg"><div>
  

  

  <div class="step-row">
    <div class="step-container" id="0.5">
      <div class="step-ref bg-step">5</div>
      
      <div class="step-cell skipped">
        <span>*</span>&nbsp;<span>header Authorization = &quot;Bearer &quot; + token</span>
      </div>
    </div>
    <div class="time-cell skipped">0</div>
  </div>

   
  
  

  

     

  

</div>
</div>
          <div data-parent="[1:11]bg"><div>
  

  

  <div class="step-row">
    <div class="step-container" id="0.6">
      <div class="step-ref bg-step">6</div>
      
      <div class="step-cell skipped">
        <span>*</span>&nbsp;<span>print token</span>
      </div>
    </div>
    <div class="time-cell skipped">0</div>
  </div>

   
  
  

  

     

  

</div>
</div>
          <div data-parent="[1:11]bg"><div>
  

  

  <div class="step-row">
    <div class="step-container" id="0.7">
      <div class="step-ref bg-step">7</div>
      
      <div class="step-cell skipped">
        <span>*</span>&nbsp;<span>call read(&quot;../../advisors/post/Createadvisors.feature)</span>
      </div>
    </div>
    <div class="time-cell skipped">0</div>
  </div>

   
  
  

  

     

  

</div>
</div>
          <div><div>
  

  <div class="step-row">
    <div class="step-container">
      <div class="step-ref passed"></div>
      
      <div class="step-cell comment"># Definir el rango de fechas</div>
    </div>
    <div class="time-cell comment"></div>            
  </div>

  <div class="step-row">
    <div class="step-container" id="0.13">
      <div class="step-ref skipped">13</div>
      
      <div class="step-cell skipped">
        <span>*</span>&nbsp;<span>def startDate = &#39;2020-01-01&#39;</span>
      </div>
    </div>
    <div class="time-cell skipped">0</div>
  </div>

   
  
  

  

     

  

</div>
</div>
          <div><div>
  

  

  <div class="step-row">
    <div class="step-container" id="0.14">
      <div class="step-ref skipped">14</div>
      
      <div class="step-cell skipped">
        <span>*</span>&nbsp;<span>def endDate = &#39;2023-12-31&#39;</span>
      </div>
    </div>
    <div class="time-cell skipped">0</div>
  </div>

   
  
  

  

     

  

</div>
</div>
          <div><div>
  

  <div class="step-row">
    <div class="step-container">
      <div class="step-ref passed"></div>
      
      <div class="step-cell comment"># Convertir las fechas en milisegundos desde el 1 de enero de 1970</div>
    </div>
    <div class="time-cell comment"></div>            
  </div>

  <div class="step-row">
    <div class="step-container" id="0.16">
      <div class="step-ref skipped">16</div>
      
      <div class="step-cell skipped">
        <span>*</span>&nbsp;<span>def startMillis = java.time.LocalDate.parse(startDate).atStartOfDay(java.time.ZoneOffset.UTC).toInstant().toEpochMilli()</span>
      </div>
    </div>
    <div class="time-cell skipped">0</div>
  </div>

   
  
  

  

     

  

</div>
</div>
          <div><div>
  

  

  <div class="step-row">
    <div class="step-container" id="0.17">
      <div class="step-ref skipped">17</div>
      
      <div class="step-cell skipped">
        <span>*</span>&nbsp;<span>def endMillis = java.time.LocalDate.parse(endDate).atStartOfDay(java.time.ZoneOffset.UTC).toInstant().toEpochMilli()</span>
      </div>
    </div>
    <div class="time-cell skipped">0</div>
  </div>

   
  
  

  

     

  

</div>
</div>
          <div><div>
  

  <div class="step-row">
    <div class="step-container">
      <div class="step-ref passed"></div>
      
      <div class="step-cell comment"># Generar una fecha aleatoria dentro del rango</div>
    </div>
    <div class="time-cell comment"></div>            
  </div>

  <div class="step-row">
    <div class="step-container" id="0.19">
      <div class="step-ref skipped">19</div>
      
      <div class="step-cell skipped">
        <span>*</span>&nbsp;<span>def randomMillis = karate.randomInt(startMillis, endMillis)</span>
      </div>
    </div>
    <div class="time-cell skipped">0</div>
  </div>

   
  
  

  

     

  

</div>
</div>
          <div><div>
  

  

  <div class="step-row">
    <div class="step-container" id="0.20">
      <div class="step-ref skipped">20</div>
      
      <div class="step-cell skipped">
        <span>*</span>&nbsp;<span>def randomDate = java.time.Instant.ofEpochMilli(randomMillis).atZone(java.time.ZoneOffset.UTC).toLocalDate()</span>
      </div>
    </div>
    <div class="time-cell skipped">0</div>
  </div>

   
  
  

  

     

  

</div>
</div>
          <div><div>
  

  <div class="step-row">
    <div class="step-container">
      <div class="step-ref passed"></div>
      
      <div class="step-cell comment"># Imprimir la fecha aleatoria generada</div>
    </div>
    <div class="time-cell comment"></div>            
  </div>

  <div class="step-row">
    <div class="step-container" id="0.22">
      <div class="step-ref skipped">22</div>
      
      <div class="step-cell skipped">
        <span>*</span>&nbsp;<span>print randomDate</span>
      </div>
    </div>
    <div class="time-cell skipped">0</div>
  </div>

   
  
  

  

     

  

</div>
</div>
          <div><div>
  

  <div class="step-row">
    <div class="step-container">
      <div class="step-ref passed"></div>
      
      <div class="step-cell comment"># genera identificacion aleatoria</div>
    </div>
    <div class="time-cell comment"></div>            
  </div>

  <div class="step-row">
    <div class="step-container" id="0.24">
      <div class="step-ref skipped">24</div>
      
      <div class="step-cell skipped">
        <span>*</span>&nbsp;<span>def randomidcard = &quot; &#39; &quot; + Math.floor(Math.random() * 1000000000000) + 1 + &quot; &#39; &quot;</span>
      </div>
    </div>
    <div class="time-cell skipped">0</div>
  </div>

   
  
  

  

     

  

</div>
</div>
          <div><div>
  

  <div class="step-row">
    <div class="step-container">
      <div class="step-ref passed"></div>
      
      <div class="step-cell comment"># genera telefono aleatoria</div>
    </div>
    <div class="time-cell comment"></div>            
  </div>

  <div class="step-row">
    <div class="step-container" id="0.26">
      <div class="step-ref skipped">26</div>
      
      <div class="step-cell skipped">
        <span>*</span>&nbsp;<span>def randomphone = &quot; +57 &quot; + Math.floor(Math.random() * 1000000000) + 1 + &quot; &#39; &quot;</span>
      </div>
    </div>
    <div class="time-cell skipped">0</div>
  </div>

   
  
  

  

     

  

</div>
</div>
          <div><div>
  

  <div class="step-row">
    <div class="step-container">
      <div class="step-ref passed"></div>
      
      <div class="step-cell comment"># genera e-mail aleatoria</div>
    </div>
    <div class="time-cell comment"></div>            
  </div>

  <div class="step-row">
    <div class="step-container" id="0.28">
      <div class="step-ref skipped">28</div>
      
      <div class="step-cell skipped">
        <span>*</span>&nbsp;<span>def generateRandomMail =</span>
      </div>
    </div>
    <div class="time-cell skipped">0</div>
  </div>

   
  
  <div class="preformatted" data-parent="0.28">function() {
    var chars = &#39;abcdefghijklmnopqrstuvwxyz&#39;;
    var randomMail = &#39;&#39;;
    for (var i = 0; i &lt; 8; i++) {
        var randomIndex = Math.floor(Math.random() * chars.length);
        randomMail += chars.charAt(randomIndex);
    }
    return randomMail;
}</div>

  

     

  

</div>
</div>
          <div><div>
  

  

  <div class="step-row">
    <div class="step-container" id="0.41">
      <div class="step-ref skipped">41</div>
      
      <div class="step-cell skipped">
        <span>*</span>&nbsp;<span>def randomMail = generateRandomMail() + &quot;@gmail.com&quot;</span>
      </div>
    </div>
    <div class="time-cell skipped">0</div>
  </div>

   
  
  

  

     

  

</div>
</div>
          <div><div>
  

  <div class="step-row">
    <div class="step-container">
      <div class="step-ref passed"></div>
      
      <div class="step-cell comment"># genera nombre aleatorio</div>
    </div>
    <div class="time-cell comment"></div>            
  </div>

  <div class="step-row">
    <div class="step-container" id="0.43">
      <div class="step-ref skipped">43</div>
      
      <div class="step-cell skipped">
        <span>*</span>&nbsp;<span>def generateRandomName =</span>
      </div>
    </div>
    <div class="time-cell skipped">0</div>
  </div>

   
  
  <div class="preformatted" data-parent="0.43">function() {
    var chars = &#39;abcdefghijklmnopqrstuvwxyz&#39;;
    var randomName = &#39;&#39;;
    for (var i = 0; i &lt; 8; i++) {
        var randomIndex = Math.floor(Math.random() * chars.length);
        randomName += chars.charAt(randomIndex);
    }
    return randomName;
}</div>

  

     

  

</div>
</div>
          <div><div>
  

  

  <div class="step-row">
    <div class="step-container" id="0.55">
      <div class="step-ref skipped">55</div>
      
      <div class="step-cell skipped">
        <span>*</span>&nbsp;<span>def randomname = generateRandomName()</span>
      </div>
    </div>
    <div class="time-cell skipped">0</div>
  </div>

   
  
  

  

     

  

</div>
</div>
          <div><div>
  

  

  <div class="step-row">
    <div class="step-container" id="0.57">
      <div class="step-ref skipped">57</div>
      
      <div class="step-cell skipped">
        <span>*</span>&nbsp;<span>def generateRandomLastName =</span>
      </div>
    </div>
    <div class="time-cell skipped">0</div>
  </div>

   
  
  <div class="preformatted" data-parent="0.57">function() {
    var chars = &#39;abcdefghijklmnopqrstuvwxyz&#39;;
    var randomlastname = &#39;&#39;;
    for (var i = 0; i &lt; 8; i++) {
        var randomIndex = Math.floor(Math.random() * chars.length);
        randomlastname += chars.charAt(randomIndex);
    }
    return randomlastname;
}</div>

  

     

  

</div>
</div>
          <div><div>
  

  

  <div class="step-row">
    <div class="step-container" id="0.69">
      <div class="step-ref skipped">69</div>
      
      <div class="step-cell skipped">
        <span>*</span>&nbsp;<span>def randomlastname = generateRandomLastName()</span>
      </div>
    </div>
    <div class="time-cell skipped">0</div>
  </div>

   
  
  

  

     

  

</div>
</div>
          <div><div>
  

  

  <div class="step-row">
    <div class="step-container" id="0.70">
      <div class="step-ref skipped">70</div>
      
      <div class="step-cell skipped">
        <span>Given</span>&nbsp;<span>url &quot;https://funcoeback-dev-ceqh.3.us-1.fl0.io/programs/&quot;</span>
      </div>
    </div>
    <div class="time-cell skipped">0</div>
  </div>

   
  
  

  

     

  

</div>
</div>
          <div><div>
  

  

  <div class="step-row">
    <div class="step-container" id="0.71">
      <div class="step-ref skipped">71</div>
      
      <div class="step-cell skipped">
        <span>And</span>&nbsp;<span>request read(&quot;../../data/Createstudents.json)</span>
      </div>
    </div>
    <div class="time-cell skipped">0</div>
  </div>

   
  
  

  

     

  

</div>
</div>
          <div><div>
  

  

  <div class="step-row">
    <div class="step-container" id="0.72">
      <div class="step-ref skipped">72</div>
      
      <div class="step-cell skipped">
        <span>When</span>&nbsp;<span>method post</span>
      </div>
    </div>
    <div class="time-cell skipped">0</div>
  </div>

   
  
  

  

     

  

</div>
</div>
          <div><div>
  

  

  <div class="step-row">
    <div class="step-container" id="0.73">
      <div class="step-ref skipped">73</div>
      
      <div class="step-cell skipped">
        <span>Then</span>&nbsp;<span>status 200</span>
      </div>
    </div>
    <div class="time-cell skipped">0</div>
  </div>

   
  
  

  

     

  

</div>
</div>
          <div><div>
  

  

  <div class="step-row">
    <div class="step-container" id="0.74">
      <div class="step-ref skipped">74</div>
      
      <div class="step-cell skipped">
        <span>*</span>&nbsp;<span>def programsId = $.uuid_program</span>
      </div>
    </div>
    <div class="time-cell skipped">0</div>
  </div>

   
  
  

  

     

  

</div>
</div>
          <div><div>
  

  

  <div class="step-row">
    <div class="step-container" id="0.75">
      <div class="step-ref skipped">75</div>
      
      <div class="step-cell skipped">
        <span>*</span>&nbsp;<span>print programsId</span>
      </div>
    </div>
    <div class="time-cell skipped">0</div>
  </div>

   
  
  

  

     

  

</div>
</div>
        </div>
      </div>
    </div>
  </body>
</html>

